
X: 125.503540039062, Y: -24.4293212890625), Z: -1008.97216796875, Timestamp: 468018825.319818
X: 134.46044921875, Y: -29.23583984375), Z: -1014.404296875, Timestamp: 468018825.319988
X: 126.663208007812, Y: -40.5731201171875), Z: -994.796752929688, Timestamp: 468018825.320149
X: 113.34228515625, Y: -44.1131591796875), Z: -971.237182617188, Timestamp: 468018825.320289
X: 112.335205078125, Y: -43.64013671875), Z: -949.203491210938, Timestamp: 468018825.320404
X: 118.865966796875, Y: -54.3670654296875), Z: -910.049438476562, Timestamp: 468018825.325711
X: 135.513305664062, Y: -35.5987548828125), Z: -1008.04138183594, Timestamp: 468018825.318866
X: 117.843627929688, Y: -53.89404296875), Z: -870.376586914062, Timestamp: 468018825.333864
X: 112.594604492188, Y: -29.4952392578125), Z: -837.509155273438, Timestamp: 468018825.344079
X: 98.358154296875, Y: 2.6397705078125), Z: -802.154541015625, Timestamp: 468018825.353523
X: 99.6551513671875, Y: 14.8468017578125), Z: -736.007690429688, Timestamp: 468018825.363536
X: 72.1588134765625, Y: 40.0390625), Z: -729.034423828125, Timestamp: 468018825.373767
X: 77.2705078125, Y: 70.9228515625), Z: -760.360717773438, Timestamp: 468018825.383506
X: 122.787475585938, Y: 29.2816162109375), Z: -827.178955078125, Timestamp: 468018825.393877
X: 191.543579101562, Y: -11.16943359375), Z: -889.678955078125, Timestamp: 468018825.403806
X: 222.183227539062, Y: -8.4381103515625), Z: -917.221069335938, Timestamp: 468018825.413549
X: 187.637329101562, Y: 28.4271240234375), Z: -916.061401367188, Timestamp: 468018825.423584
X: 135.971069335938, Y: 47.515869140625), Z: -898.712158203125, Timestamp: 468018825.433605
X: 61.0809326171875, Y: 26.336669921875), Z: -959.213256835938, Timestamp: 468018825.44419
X: 47.515869140625, Y: 5.6915283203125), Z: -1022.38464355469, Timestamp: 468018825.453971
X: 75.86669921875, Y: -4.2877197265625), Z: -1096.45080566406, Timestamp: 468018825.463565
X: 113.46435546875, Y: -45.0286865234375), Z: -1170.59326171875, Timestamp: 468018825.473836
X: 172.7294921875, Y: -79.7119140625), Z: -1201.21765136719, Timestamp: 468018825.483594
X: 218.582153320312, Y: -111.099243164062), Z: -1189.16320800781, Timestamp: 468018825.494027
X: 233.21533203125, Y: -136.90185546875), Z: -1172.10388183594, Timestamp: 468018825.503629
X: 213.836669921875, Y: -129.257202148438), Z: -1165.66467285156, Timestamp: 468018825.513682
X: 207.427978515625, Y: -89.691162109375), Z: -1140.12145996094, Timestamp: 468018825.523658
X: 210.723876953125, Y: -75.4852294921875), Z: -1134.73510742188, Timestamp: 468018825.533658
X: 220.03173828125, Y: -68.5577392578125), Z: -1116.62292480469, Timestamp: 468018825.544368
X: 231.857299804688, Y: -66.986083984375), Z: -1086.7919921875, Timestamp: 468018825.553685
X: 241.2109375, Y: -64.9566650390625), Z: -1056.94580078125, Timestamp: 468018825.563655
X: 251.876831054688, Y: -45.7916259765625), Z: -1058.91418457031, Timestamp: 468018825.573638
X: 288.314819335938, Y: -31.768798828125), Z: -1059.03625488281, Timestamp: 468018825.583705
X: 322.235107421875, Y: -16.7999267578125), Z: -1029.73937988281, Timestamp: 468018825.593678
X: 332.962036132812, Y: -4.486083984375), Z: -990.585327148438, Timestamp: 468018825.603737
X: 330.276489257812, Y: 11.1083984375), Z: -938.140869140625, Timestamp: 468018825.619883
X: 325.576782226562, Y: 29.6478271484375), Z: -896.957397460938, Timestamp: 468018825.623989
X: 324.40185546875, Y: 44.7845458984375), Z: -869.0185546875, Timestamp: 468018825.633745
X: 331.1767578125, Y: 56.09130859375), Z: -849.441528320312, Timestamp: 468018825.643806
X: 333.160400390625, Y: 54.6417236328125), Z: -831.329345703125, Timestamp: 468018825.65382
X: 343.154907226562, Y: 47.882080078125), Z: -850.9521484375, Timestamp: 468018825.663831
X: 386.032104492188, Y: 18.4326171875), Z: -886.90185546875, Timestamp: 468018825.673844
X: 433.258056640625, Y: -0.18310546875), Z: -926.773071289062, Timestamp: 468018825.684134
X: 460.494995117188, Y: -2.8839111328125), Z: -933.7158203125, Timestamp: 468018825.693829
X: 473.648071289062, Y: 13.85498046875), Z: -920.028686523438, Timestamp: 468018825.703957
X: 463.775634765625, Y: 10.8184814453125), Z: -891.098022460938, Timestamp: 468018825.713906
X: 431.625366210938, Y: 11.016845703125), Z: -892.9443359375, Timestamp: 468018825.724421
X: 425.277709960938, Y: 4.608154296875), Z: -904.205322265625, Timestamp: 468018825.733842
X: 441.71142578125, Y: -4.5166015625), Z: -917.495727539062, Timestamp: 468018825.744192
X: 458.953857421875, Y: -40.069580078125), Z: -945.510864257812, Timestamp: 468018825.754129
X: 479.568481445312, Y: -68.7408447265625), Z: -963.7451171875, Timestamp: 468018825.763819
X: 488.723754882812, Y: -91.156005859375), Z: -967.727661132812, Timestamp: 468018825.774821
X: 481.246948242188, Y: -85.357666015625), Z: -960.342407226562, Timestamp: 468018825.804475
X: 451.766967773438, Y: -60.1959228515625), Z: -943.557739257812, Timestamp: 468018825.804829
X: 418.838500976562, Y: -36.0260009765625), Z: -938.507080078125, Timestamp: 468018825.805123
X: 404.449462890625, Y: -30.7769775390625), Z: -941.390991210938, Timestamp: 468018825.813945
X: 399.978637695312, Y: -29.8309326171875), Z: -939.422607421875, Timestamp: 468018825.833933
X: 397.5830078125, Y: -36.712646484375), Z: -926.193237304688, Timestamp: 468018825.834277
X: 395.767211914062, Y: -51.8951416015625), Z: -922.286987304688, Timestamp: 468018825.847329
X: 400.87890625, Y: -65.0482177734375), Z: -924.774169921875, Timestamp: 468018825.854037
X: 409.271240234375, Y: -64.9871826171875), Z: -917.449951171875, Timestamp: 468018825.874537
X: 417.205810546875, Y: -67.3675537109375), Z: -903.274536132812, Timestamp: 468018825.874885
X: 421.676635742188, Y: -70.7550048828125), Z: -884.201049804688, Timestamp: 468018825.884087
X: 425.674438476562, Y: -74.1424560546875), Z: -865.6005859375, Timestamp: 468018825.897161
X: 424.209594726562, Y: -77.1026611328125), Z: -840.621948242188, Timestamp: 468018825.906944
X: 421.2646484375, Y: -80.56640625), Z: -823.471069335938, Timestamp: 468018825.915986
X: 421.38671875, Y: -91.3238525390625), Z: -809.768676757812, Timestamp: 468018825.925144
X: 431.854248046875, Y: -99.54833984375), Z: -806.884765625, Timestamp: 468018825.934072
X: 452.850341796875, Y: -118.438720703125), Z: -811.386108398438, Timestamp: 468018825.944377
X: 478.82080078125, Y: -140.228271484375), Z: -823.257446289062, Timestamp: 468018825.954546
X: 504.638671875, Y: -148.300170898438), Z: -827.7587890625, Timestamp: 468018825.964095
X: 516.326904296875, Y: -132.553100585938), Z: -826.324462890625, Timestamp: 468018825.974085
X: 513.992309570312, Y: -103.225708007812), Z: -813.53759765625, Timestamp: 468018825.984348
X: 507.369995117188, Y: -87.1429443359375), Z: -798.309326171875, Timestamp: 468018825.994265
X: 510.787963867188, Y: -83.6944580078125), Z: -792.449951171875, Timestamp: 468018826.004435
X: 522.201538085938, Y: -87.005615234375), Z: -797.882080078125, Timestamp: 468018826.014393
X: 530.45654296875, Y: -115.798950195312), Z: -799.407958984375, Timestamp: 468018826.024143
X: 533.50830078125, Y: -123.10791015625), Z: -808.731079101562, Timestamp: 468018826.034189
X: 514.083862304688, Y: -110.061645507812), Z: -825.790405273438, Timestamp: 468018826.044317
X: 491.073608398438, Y: -85.3118896484375), Z: -853.118896484375, Timestamp: 468018826.054295
X: 473.907470703125, Y: -54.1534423828125), Z: -880.447387695312, Timestamp: 468018826.064086
X: 460.159301757812, Y: -18.5546875), Z: -894.561767578125, Timestamp: 468018826.074293
X: 447.036743164062, Y: 3.814697265625), Z: -900.360107421875, Timestamp: 468018826.084123
X: 439.651489257812, Y: 1.312255859375), Z: -894.454956054688, Timestamp: 468018826.094102
X: 430.862426757812, Y: -7.5531005859375), Z: -904.23583984375, Timestamp: 468018826.10413
X: 441.055297851562, Y: 10.6353759765625), Z: -955.673217773438, Timestamp: 468018826.114154
X: 455.780029296875, Y: 24.9786376953125), Z: -1022.81188964844, Timestamp: 468018826.124549
X: 472.564697265625, Y: 30.0445556640625), Z: -1077.23999023438, Timestamp: 468018826.134194
X: 480.987548828125, Y: 29.144287109375), Z: -1104.20227050781, Timestamp: 468018826.144179
X: 486.038208007812, Y: 21.3623046875), Z: -1114.02893066406, Timestamp: 468018826.154731
X: 506.53076171875, Y: 1.983642578125), Z: -1104.32434082031, Timestamp: 468018826.164206
X: 518.096923828125, Y: -15.5181884765625), Z: -1086.27319335938, Timestamp: 468018826.174232
X: 506.607055664062, Y: -6.8206787109375), Z: -1067.61169433594, Timestamp: 468018826.184172
X: 490.203857421875, Y: 0.3509521484375), Z: -1054.3212890625, Timestamp: 468018826.194596
X: 469.223022460938, Y: -24.7802734375), Z: -1044.96765136719, Timestamp: 468018826.205211
X: 461.715698242188, Y: -61.5386962890625), Z: -1032.24182128906, Timestamp: 468018826.214339
X: 449.569702148438, Y: -81.2225341796875), Z: -1014.60266113281, Timestamp: 468018826.22424
X: 426.559448242188, Y: -101.974487304688), Z: -997.390747070312, Timestamp: 468018826.23419
X: 410.507202148438, Y: -125.6103515625), Z: -987.075805664062, Timestamp: 468018826.244252
X: 404.739379882812, Y: -140.335083007812), Z: -978.759765625, Timestamp: 468018826.25476
X: 399.71923828125, Y: -134.033203125), Z: -966.476440429688, Timestamp: 468018826.264599
X: 397.140502929688, Y: -125.732421875), Z: -960.098266601562, Timestamp: 468018826.274245
X: 406.906127929688, Y: -115.875244140625), Z: -949.8291015625, Timestamp: 468018826.284224
X: 422.149658203125, Y: -108.88671875), Z: -938.125610351562, Timestamp: 468018826.294297
X: 442.489624023438, Y: -115.066528320312), Z: -928.89404296875, Timestamp: 468018826.30487
X: 475.89111328125, Y: -137.771606445312), Z: -926.589965820312, Timestamp: 468018826.314364
X: 508.48388671875, Y: -134.536743164062), Z: -924.25537109375, Timestamp: 468018826.324325
X: 523.147583007812, Y: -118.743896484375), Z: -933.59375, Timestamp: 468018826.334594
X: 539.382934570312, Y: -110.29052734375), Z: -946.380615234375, Timestamp: 468018826.344416
X: 559.219360351562, Y: -114.990234375), Z: -958.694458007812, Timestamp: 468018826.355017
X: 583.450317382812, Y: -114.288330078125), Z: -976.898193359375, Timestamp: 468018826.364417
X: 607.0556640625, Y: -101.837158203125), Z: -991.668701171875, Timestamp: 468018826.374361
X: 620.742797851562, Y: -87.5396728515625), Z: -983.367919921875, Timestamp: 468018826.384431
X: 623.123168945312, Y: -81.1614990234375), Z: -965.744018554688, Timestamp: 468018826.394276
X: 622.085571289062, Y: -77.2552490234375), Z: -947.601318359375, Timestamp: 468018826.404464
X: 616.119384765625, Y: -75.3631591796875), Z: -938.766479492188, Timestamp: 468018826.414476
X: 610.671997070312, Y: -74.920654296875), Z: -936.294555664062, Timestamp: 468018826.424792
X: 611.236572265625, Y: -80.780029296875), Z: -949.03564453125, Timestamp: 468018826.43447
X: 616.744995117188, Y: -86.5936279296875), Z: -954.452514648438, Timestamp: 468018826.444415
X: 615.280151367188, Y: -88.0889892578125), Z: -951.507568359375, Timestamp: 468018826.454984
X: 599.334716796875, Y: -77.9571533203125), Z: -935.287475585938, Timestamp: 468018826.464412
X: 578.628540039062, Y: -84.991455078125), Z: -918.075561523438, Timestamp: 468018826.474493
X: 570.220947265625, Y: -85.0830078125), Z: -906.784057617188, Timestamp: 468018826.484516
X: 564.193725585938, Y: -77.301025390625), Z: -904.78515625, Timestamp: 468018826.494826
X: 561.737060546875, Y: -77.8045654296875), Z: -910.659790039062, Timestamp: 468018826.504508
X: 573.562622070312, Y: -74.76806640625), Z: -918.533325195312, Timestamp: 468018826.51448
X: 587.783813476562, Y: -63.385009765625), Z: -932.769775390625, Timestamp: 468018826.524513
X: 601.638793945312, Y: -62.7593994140625), Z: -950.454711914062, Timestamp: 468018826.534488
X: 617.111206054688, Y: -75.347900390625), Z: -958.358764648438, Timestamp: 468018826.544518
X: 631.65283203125, Y: -92.83447265625), Z: -952.560424804688, Timestamp: 468018826.554487
X: 640.716552734375, Y: -107.925415039062), Z: -931.549072265625, Timestamp: 468018826.564789
X: 652.52685546875, Y: -102.920532226562), Z: -920.318603515625, Timestamp: 468018826.574535
X: 658.782958984375, Y: -88.19580078125), Z: -926.681518554688, Timestamp: 468018826.585062
X: 655.807495117188, Y: -86.7462158203125), Z: -932.55615234375, Timestamp: 468018826.594632
X: 647.232055664062, Y: -114.212036132812), Z: -937.942504882812, Timestamp: 468018826.604541
X: 637.14599609375, Y: -141.220092773438), Z: -921.295166015625, Timestamp: 468018826.614638
X: 613.479614257812, Y: -149.261474609375), Z: -897.705078125, Timestamp: 468018826.624564
X: 579.940795898438, Y: -157.89794921875), Z: -870.162963867188, Timestamp: 468018826.635604
X: 542.892456054688, Y: -163.131713867188), Z: -828.903198242188, Timestamp: 468018826.644639
X: 500.808715820312, Y: -161.07177734375), Z: -783.69140625, Timestamp: 468018826.654587
X: 458.648681640625, Y: -153.640747070312), Z: -738.95263671875, Timestamp: 468018826.66463
X: 415.054321289062, Y: -148.178100585938), Z: -695.693969726562, Timestamp: 468018826.674611
X: 372.039794921875, Y: -151.016235351562), Z: -657.333374023438, Timestamp: 468018826.685166
X: 335.342407226562, Y: -144.012451171875), Z: -637.603759765625, Timestamp: 468018826.694649
X: 313.034057617188, Y: -139.328002929688), Z: -627.243041992188, Timestamp: 468018826.704658
X: 286.346435546875, Y: -141.036987304688), Z: -619.308471679688, Timestamp: 468018826.714676
X: 261.215209960938, Y: -148.590087890625), Z: -623.641967773438, Timestamp: 468018826.724927
X: 243.560791015625, Y: -161.956787109375), Z: -620.651245117188, Timestamp: 468018826.735064
X: 234.710693359375, Y: -166.44287109375), Z: -623.077392578125, Timestamp: 468018826.744713
X: 234.7412109375, Y: -168.39599609375), Z: -626.022338867188, Timestamp: 468018826.754715
X: 241.775512695312, Y: -136.04736328125), Z: -622.085571289062, Timestamp: 468018826.764687
X: 236.4501953125, Y: -102.84423828125), Z: -610.275268554688, Timestamp: 468018826.775069
X: 235.794067382812, Y: -90.6219482421875), Z: -596.054077148438, Timestamp: 468018826.784729
X: 245.376586914062, Y: -107.177734375), Z: -581.893920898438, Timestamp: 468018826.79473
X: 247.74169921875, Y: -141.403198242188), Z: -572.647094726562, Timestamp: 468018826.804832
X: 253.463745117188, Y: -165.802001953125), Z: -575.13427734375, Timestamp: 468018826.814831
X: 266.66259765625, Y: -151.992797851562), Z: -585.44921875, Timestamp: 468018826.824814
X: 280.075073242188, Y: -113.70849609375), Z: -601.62353515625, Timestamp: 468018826.834792
X: 293.533325195312, Y: -78.8421630859375), Z: -623.184204101562, Timestamp: 468018826.84511
X: 307.586669921875, Y: -53.2684326171875), Z: -634.46044921875, Timestamp: 468018826.854907
X: 320.816040039062, Y: -41.900634765625), Z: -638.900756835938, Timestamp: 468018826.864815
X: 322.341918945312, Y: -45.318603515625), Z: -637.939453125, Timestamp: 468018826.874861
X: 321.319580078125, Y: -43.365478515625), Z: -636.459350585938, Timestamp: 468018826.884848
X: 320.220947265625, Y: -33.0963134765625), Z: -643.295288085938, Timestamp: 468018826.894548
X: 338.027954101562, Y: -31.951904296875), Z: -678.131103515625, Timestamp: 468018826.904846
X: 377.670288085938, Y: -35.980224609375), Z: -721.389770507812, Timestamp: 468018826.915125
X: 428.054809570312, Y: -28.167724609375), Z: -781.79931640625, Timestamp: 468018826.924904
X: 487.579345703125, Y: -39.3524169921875), Z: -861.373901367188, Timestamp: 468018826.935187
X: 562.01171875, Y: -57.7392578125), Z: -944.915771484375, Timestamp: 468018826.944933
X: 631.912231445312, Y: -70.3125), Z: -980.941772460938, Timestamp: 468018826.95538
X: 666.397094726562, Y: -60.2264404296875), Z: -954.605102539062, Timestamp: 468018826.965576
X: 667.587280273438, Y: -38.238525390625), Z: -882.080078125, Timestamp: 468018826.974982
X: 635.955810546875, Y: -43.914794921875), Z: -813.90380859375, Timestamp: 468018826.984942
X: 604.095458984375, Y: -70.6329345703125), Z: -766.799926757812, Timestamp: 468018826.99489
X: 585.586547851562, Y: -96.74072265625), Z: -753.0517578125, Timestamp: 468018827.005291
X: 579.89501953125, Y: -115.371704101562), Z: -784.393310546875, Timestamp: 468018827.01562
X: 581.35986328125, Y: -153.488159179688), Z: -852.035522460938, Timestamp: 468018827.02497
X: 582.778930664062, Y: -188.186645507812), Z: -903.518676757812, Timestamp: 468018827.034976
X: 557.662963867188, Y: -196.731567382812), Z: -906.875610351562, Timestamp: 468018827.044936
X: 507.125854492188, Y: -188.858032226562), Z: -899.826049804688, Timestamp: 468018827.054992
X: 463.729858398438, Y: -201.004028320312), Z: -881.072998046875, Timestamp: 468018827.065523
X: 434.63134765625, Y: -207.626342773438), Z: -869.216918945312, Timestamp: 468018827.075413
X: 427.490234375, Y: -229.18701171875), Z: -911.346435546875, Timestamp: 468018827.085017
X: 440.017700195312, Y: -283.843994140625), Z: -975.128173828125, Timestamp: 468018827.094984
X: 431.503295898438, Y: -357.772827148438), Z: -1022.216796875, Timestamp: 468018827.105078
X: 415.390014648438, Y: -416.122436523438), Z: -1055.52673339844, Timestamp: 468018827.11552
X: 402.374267578125, Y: -443.618774414062), Z: -1082.45849609375, Timestamp: 468018827.125079
X: 404.72412109375, Y: -431.854248046875), Z: -1119.67468261719, Timestamp: 468018827.135056
X: 405.807495117188, Y: -394.6533203125), Z: -1155.8837890625, Timestamp: 468018827.145343
X: 406.417846679688, Y: -360.382080078125), Z: -1185.22644042969, Timestamp: 468018827.155095
X: 391.357421875, Y: -341.445922851562), Z: -1187.60681152344, Timestamp: 468018827.165305
X: 371.490478515625, Y: -334.77783203125), Z: -1167.93823242188, Timestamp: 468018827.189666
X: 358.596801757812, Y: -332.94677734375), Z: -1132.12585449219, Timestamp: 468018827.190017
X: 353.134155273438, Y: -333.49609375), Z: -1090.97290039062, Timestamp: 468018827.195192
X: 347.183227539062, Y: -333.06884765625), Z: -1072.34191894531, Timestamp: 468018827.207497
X: 354.660034179688, Y: -336.9140625), Z: -1086.07482910156, Timestamp: 468018827.221023
X: 364.181518554688, Y: -347.579956054688), Z: -1106.70471191406, Timestamp: 468018827.225278
X: 381.423950195312, Y: -341.064453125), Z: -1119.00329589844, Timestamp: 468018827.235175
X: 396.6064453125, Y: -328.216552734375), Z: -1113.1591796875, Timestamp: 468018827.245194
X: 412.368774414062, Y: -324.661254882812), Z: -1092.14782714844, Timestamp: 468018827.255163
X: 419.387817382812, Y: -332.916259765625), Z: -1070.14465332031, Timestamp: 468018827.265187
X: 424.850463867188, Y: -336.3037109375), Z: -1045.66955566406, Timestamp: 468018827.275159
X: 425.399780273438, Y: -342.1630859375), Z: -1041.76330566406, Timestamp: 468018827.285525
X: 449.40185546875, Y: -362.97607421875), Z: -1073.71520996094, Timestamp: 468018827.29524
X: 491.02783203125, Y: -369.44580078125), Z: -1088.56201171875, Timestamp: 468018827.305201
X: 515.07568359375, Y: -353.57666015625), Z: -1091.07971191406, Timestamp: 468018827.31533
X: 537.765502929688, Y: -347.503662109375), Z: -1102.4169921875, Timestamp: 468018827.325257
X: 556.411743164062, Y: -335.113525390625), Z: -1097.07641601562, Timestamp: 468018827.33525
X: 558.151245117188, Y: -314.544677734375), Z: -1102.44750976562, Timestamp: 468018827.345201
X: 569.747924804688, Y: -290.46630859375), Z: -1120.57495117188, Timestamp: 468018827.355684
X: 599.456787109375, Y: -250.076293945312), Z: -1135.81848144531, Timestamp: 468018827.365344
X: 623.260498046875, Y: -211.212158203125), Z: -1161.33117675781, Timestamp: 468018827.375291
X: 663.604736328125, Y: -192.245483398438), Z: -1189.84985351562, Timestamp: 468018827.385322
X: 696.47216796875, Y: -170.440673828125), Z: -1171.34094238281, Timestamp: 468018827.395027
X: 686.538696289062, Y: -125.534057617188), Z: -1128.63159179688, Timestamp: 468018827.405364
X: 656.387329101562, Y: -85.7086181640625), Z: -1099.57885742188, Timestamp: 468018827.41542
X: 633.819580078125, Y: -59.99755859375), Z: -1062.72888183594, Timestamp: 468018827.425707
X: 608.352661132812, Y: -40.6646728515625), Z: -1039.59655761719, Timestamp: 468018827.435372
X: 591.720581054688, Y: -12.9241943359375), Z: -1038.04016113281, Timestamp: 468018827.446252
X: 591.949462890625, Y: 53.1005859375), Z: -1040.8935546875, Timestamp: 468018827.456304
X: 570.907592773438, Y: 119.93408203125), Z: -1041.71752929688, Timestamp: 468018827.465394
X: 525.711059570312, Y: 135.68115234375), Z: -1037.13989257812, Timestamp: 468018827.475414
X: 488.021850585938, Y: 101.577758789062), Z: -1021.3623046875, Timestamp: 468018827.48541
X: 477.935791015625, Y: 73.5931396484375), Z: -993.942260742188, Timestamp: 468018827.496152
X: 474.090576171875, Y: 63.7664794921875), Z: -975.814819335938, Timestamp: 468018827.505434
X: 467.742919921875, Y: 55.8929443359375), Z: -968.948364257812, Timestamp: 468018827.515428
X: 465.347290039062, Y: 50.0030517578125), Z: -980.209350585938, Timestamp: 468018827.525495
X: 467.4072265625, Y: 44.158935546875), Z: -993.438720703125, Timestamp: 468018827.535574
X: 474.807739257812, Y: 45.684814453125), Z: -992.49267578125, Timestamp: 468018827.545918
X: 480.499267578125, Y: 21.759033203125), Z: -963.638305664062, Timestamp: 468018827.555488
X: 479.4921875, Y: -20.32470703125), Z: -938.217163085938, Timestamp: 468018827.565514
X: 459.41162109375, Y: -38.604736328125), Z: -918.5791015625, Timestamp: 468018827.575473
X: 426.605224609375, Y: -24.23095703125), Z: -910.614013671875, Timestamp: 468018827.585839
X: 428.085327148438, Y: -25.6805419921875), Z: -892.974853515625, Timestamp: 468018827.595634
X: 455.062866210938, Y: -50.3997802734375), Z: -867.630004882812, Timestamp: 468018827.605595
X: 426.193237304688, Y: -34.027099609375), Z: -861.63330078125, Timestamp: 468018827.615635
X: 385.452270507812, Y: -18.73779296875), Z: -854.1259765625, Timestamp: 468018827.625244
X: 368.621826171875, Y: -17.425537109375), Z: -838.394165039062, Timestamp: 468018827.635328
X: 358.70361328125, Y: -17.0440673828125), Z: -808.975219726562, Timestamp: 468018827.645637
X: 346.755981445312, Y: -10.80322265625), Z: -789.321899414062, Timestamp: 468018827.655957
X: 328.018188476562, Y: -16.3421630859375), Z: -776.535034179688, Timestamp: 468018827.665631
X: 318.740844726562, Y: -26.702880859375), Z: -764.755249023438, Timestamp: 468018827.675616
X: 319.854736328125, Y: -38.4368896484375), Z: -753.997802734375, Timestamp: 468018827.685679
X: 315.505981445312, Y: -46.7987060546875), Z: -755.462646484375, Timestamp: 468018827.695659
X: 307.06787109375, Y: -43.9453125), Z: -757.87353515625, Timestamp: 468018827.706054
X: 301.589965820312, Y: -41.046142578125), Z: -759.323120117188, Timestamp: 468018827.715838
X: 298.934936523438, Y: -25.421142578125), Z: -756.362915039062, Timestamp: 468018827.726022
X: 294.876098632812, Y: -16.1590576171875), Z: -754.867553710938, Timestamp: 468018827.735811
X: 290.8935546875, Y: -13.7481689453125), Z: -762.191772460938, Timestamp: 468018827.745912
X: 301.69677734375, Y: -7.293701171875), Z: -771.530151367188, Timestamp: 468018827.755716
X: 312.3779296875, Y: 10.406494140625), Z: -775.955200195312, Timestamp: 468018827.76568
X: 323.013305664062, Y: 32.0281982421875), Z: -780.868530273438, Timestamp: 468018827.776321
X: 322.784423828125, Y: 51.5899658203125), Z: -776.91650390625, Timestamp: 468018827.78574
X: 326.126098632812, Y: 61.8896484375), Z: -778.396606445312, Timestamp: 468018827.795876
X: 341.537475585938, Y: 55.6640625), Z: -778.945922851562, Timestamp: 468018827.80572
X: 357.757568359375, Y: 64.6209716796875), Z: -783.889770507812, Timestamp: 468018827.81581
X: 376.800537109375, Y: 85.3424072265625), Z: -796.173095703125, Timestamp: 468018827.826334
X: 393.035888671875, Y: 93.32275390625), Z: -804.550170898438, Timestamp: 468018827.83576
X: 409.408569335938, Y: 89.0655517578125), Z: -810.97412109375, Timestamp: 468018827.845781
X: 421.783447265625, Y: 87.21923828125), Z: -804.656982421875, Timestamp: 468018827.855736
X: 430.068969726562, Y: 98.052978515625), Z: -797.332763671875, Timestamp: 468018827.866157
X: 429.534912109375, Y: 101.470947265625), Z: -792.41943359375, Timestamp: 468018827.876374
X: 421.615600585938, Y: 101.882934570312), Z: -794.357299804688, Timestamp: 468018827.885803
X: 418.792724609375, Y: 89.630126953125), Z: -798.27880859375, Timestamp: 468018827.895589
X: 424.37744140625, Y: 76.47705078125), Z: -790.481567382812, Timestamp: 468018827.905784
X: 422.088623046875, Y: 59.814453125), Z: -779.220581054688, Timestamp: 468018827.915846
X: 421.722412109375, Y: 49.041748046875), Z: -771.881103515625, Timestamp: 468018827.926301
X: 428.848266601562, Y: 31.005859375), Z: -779.769897460938, Timestamp: 468018827.936212
X: 440.383911132812, Y: 18.402099609375), Z: -792.068481445312, Timestamp: 468018827.945868
X: 448.883056640625, Y: 10.162353515625), Z: -798.477172851562, Timestamp: 468018827.957185
X: 456.069946289062, Y: -11.77978515625), Z: -798.538208007812, Timestamp: 468018827.965942
X: 469.207763671875, Y: -37.0941162109375), Z: -801.055908203125, Timestamp: 468018827.976177
X: 483.673095703125, Y: -47.7294921875), Z: -799.163818359375, Timestamp: 468018827.985915
X: 483.108520507812, Y: -40.8935546875), Z: -796.707153320312, Timestamp: 468018827.995919
X: 475.204467773438, Y: -41.44287109375), Z: -798.141479492188, Timestamp: 468018828.006267
X: 465.896606445312, Y: -49.8504638671875), Z: -795.669555664062, Timestamp: 468018828.0163
X: 459.609985351562, Y: -62.1337890625), Z: -790.771484375, Timestamp: 468018828.025947
X: 461.73095703125, Y: -74.8291015625), Z: -796.173095703125, Timestamp: 468018828.03596
X: 465.255737304688, Y: -80.1849365234375), Z: -802.566528320312, Timestamp: 468018828.045931
X: 465.33203125, Y: -86.5325927734375), Z: -808.456420898438, Timestamp: 468018828.055971
X: 468.353271484375, Y: -90.423583984375), Z: -818.756103515625, Timestamp: 468018828.065956
X: 468.887329101562, Y: -93.353271484375), Z: -827.57568359375, Timestamp: 468018828.076
X: 474.700927734375, Y: -82.5347900390625), Z: -835.906982421875, Timestamp: 468018828.085961
X: 481.475830078125, Y: -68.2830810546875), Z: -851.104736328125, Timestamp: 468018828.096344
X: 496.490478515625, Y: -83.2977294921875), Z: -871.734619140625, Timestamp: 468018828.106176
X: 518.402099609375, Y: -94.8333740234375), Z: -894.851684570312, Timestamp: 468018828.116037
X: 531.890869140625, Y: -105.95703125), Z: -917.938232421875, Timestamp: 468018828.126115
X: 549.86572265625, Y: -119.979858398438), Z: -929.763793945312, Timestamp: 468018828.136021
X: 559.341430664062, Y: -126.251220703125), Z: -936.676025390625, Timestamp: 468018828.146045
X: 557.815551757812, Y: -122.848510742188), Z: -930.7861328125, Timestamp: 468018828.156001
X: 560.409545898438, Y: -134.078979492188), Z: -928.848266601562, Timestamp: 468018828.166377
X: 567.19970703125, Y: -164.337158203125), Z: -936.737060546875, Timestamp: 468018828.176101
X: 586.410522460938, Y: -200.363159179688), Z: -956.451416015625, Timestamp: 468018828.186033
X: 603.057861328125, Y: -228.08837890625), Z: -971.237182617188, Timestamp: 468018828.196087
X: 607.177734375, Y: -241.256713867188), Z: -991.348266601562, Timestamp: 468018828.206593
X: 620.758056640625, Y: -258.743286132812), Z: -1019.82116699219, Timestamp: 468018828.216176
X: 649.7802734375, Y: -287.338256835938), Z: -1037.59765625, Timestamp: 468018828.22618
X: 664.764404296875, Y: -300.4150390625), Z: -1030.80749511719, Timestamp: 468018828.23651
X: 657.150268554688, Y: -326.416015625), Z: -1028.36608886719, Timestamp: 468018828.246188
X: 641.54052734375, Y: -344.650268554688), Z: -1031.75354003906, Timestamp: 468018828.256668
X: 609.832763671875, Y: -341.018676757812), Z: -1020.37048339844, Timestamp: 468018828.266218
X: 580.764770507812, Y: -348.617553710938), Z: -1040.84777832031, Timestamp: 468018828.276154
X: 576.705932617188, Y: -380.92041015625), Z: -1083.49609375, Timestamp: 468018828.286153
X: 583.892822265625, Y: -401.382446289062), Z: -1122.72644042969, Timestamp: 468018828.296191
X: 583.908081054688, Y: -401.382446289062), Z: -1153.09143066406, Timestamp: 468018828.30721
X: 580.917358398438, Y: -398.452758789062), Z: -1181.97631835938, Timestamp: 468018828.316249
X: 571.47216796875, Y: -392.166137695312), Z: -1211.31896972656, Timestamp: 468018828.326209
X: 553.573608398438, Y: -383.026123046875), Z: -1231.33850097656, Timestamp: 468018828.336229
X: 535.186767578125, Y: -374.3896484375), Z: -1236.64855957031, Timestamp: 468018828.346229
X: 507.431030273438, Y: -369.247436523438), Z: -1232.62023925781, Timestamp: 468018828.356745
X: 486.053466796875, Y: -360.153198242188), Z: -1214.41650390625, Timestamp: 468018828.366268
X: 441.513061523438, Y: -356.62841796875), Z: -1231.39953613281, Timestamp: 468018828.376656
X: 433.395385742188, Y: -339.096069335938), Z: -1227.92053222656, Timestamp: 468018828.386294
X: 420.425415039062, Y: -329.421997070312), Z: -1233.73413085938, Timestamp: 468018828.396085
X: 392.486572265625, Y: -306.671142578125), Z: -1248.30627441406, Timestamp: 468018828.406485
X: 366.531372070312, Y: -285.385131835938), Z: -1258.95690917969, Timestamp: 468018828.41629
X: 354.827880859375, Y: -257.095336914062), Z: -1277.49633789062, Timestamp: 468018828.426394
X: 337.234497070312, Y: -231.3232421875), Z: -1281.81457519531, Timestamp: 468018828.43632
X: 320.159912109375, Y: -209.9609375), Z: -1272.43041992188, Timestamp: 468018828.446712
X: 293.777465820312, Y: -194.534301757812), Z: -1275.74157714844, Timestamp: 468018828.45714
X: 284.378051757812, Y: -193.161010742188), Z: -1281.58569335938, Timestamp: 468018828.466367
X: 279.403686523438, Y: -191.726684570312), Z: -1281.06689453125, Timestamp: 468018828.476404
X: 272.628784179688, Y: -204.513549804688), Z: -1279.60205078125, Timestamp: 468018828.486364
X: 273.788452148438, Y: -219.17724609375), Z: -1280.10559082031, Timestamp: 468018828.496419
X: 265.411376953125, Y: -221.206665039062), Z: -1279.09851074219, Timestamp: 468018828.506418
X: 245.30029296875, Y: -193.496704101562), Z: -1281.44836425781, Timestamp: 468018828.516733
X: 211.685180664062, Y: -150.7568359375), Z: -1287.64343261719, Timestamp: 468018828.526446
X: 185.333251953125, Y: -138.259887695312), Z: -1288.51318359375, Timestamp: 468018828.536417
X: 170.989990234375, Y: -139.373779296875), Z: -1273.77319335938, Timestamp: 468018828.546491
X: 154.144287109375, Y: -138.076782226562), Z: -1248.24523925781, Timestamp: 468018828.556458
X: 131.28662109375, Y: -128.494262695312), Z: -1228.56140136719, Timestamp: 468018828.566475
X: 112.289428710938, Y: -112.533569335938), Z: -1217.69714355469, Timestamp: 468018828.576478
X: 87.1734619140625, Y: -79.498291015625), Z: -1199.93591308594, Timestamp: 468018828.587385
X: 63.65966796875, Y: -56.7169189453125), Z: -1180.72509765625, Timestamp: 468018828.596539
X: 48.27880859375, Y: -52.459716796875), Z: -1165.48156738281, Timestamp: 468018828.6065
X: 46.7987060546875, Y: -54.4281005859375), Z: -1145.8740234375, Timestamp: 468018828.61656
X: 52.55126953125, Y: -39.2303466796875), Z: -1123.84033203125, Timestamp: 468018828.626636
X: 53.7567138671875, Y: -17.2119140625), Z: -1105.20935058594, Timestamp: 468018828.637175
X: 48.9654541015625, Y: 11.5966796875), Z: -1088.9892578125, Timestamp: 468018828.646588
X: 35.7666015625, Y: 40.83251953125), Z: -1083.52661132812, Timestamp: 468018828.656702
X: 33.87451171875, Y: 76.507568359375), Z: -1068.28308105469, Timestamp: 468018828.666616
X: 28.594970703125, Y: 104.339599609375), Z: -1053.05480957031, Timestamp: 468018828.67708
X: 22.3846435546875, Y: 127.288818359375), Z: -1047.119140625, Timestamp: 468018828.687218
X: 28.3355712890625, Y: 126.846313476562), Z: -1047.14965820312, Timestamp: 468018828.696663
X: 50.018310546875, Y: 132.415771484375), Z: -1029.09851074219, Timestamp: 468018828.706668
X: 61.1724853515625, Y: 150.115966796875), Z: -1009.521484375, Timestamp: 468018828.716945
X: 62.92724609375, Y: 169.204711914062), Z: -1000.19836425781, Timestamp: 468018828.726675
X: 69.1375732421875, Y: 187.362670898438), Z: -991.867065429688, Timestamp: 468018828.737124
X: 75.4547119140625, Y: 196.701049804688), Z: -976.211547851562, Timestamp: 468018828.746967
X: 77.850341796875, Y: 202.102661132812), Z: -957.595825195312, Timestamp: 468018828.756694
X: 78.2623291015625, Y: 208.465576171875), Z: -946.807861328125, Timestamp: 468018828.766648
X: 84.716796875, Y: 206.069946289062), Z: -940.963745117188, Timestamp: 468018828.776711
X: 90.0421142578125, Y: 215.408325195312), Z: -940.963745117188, Timestamp: 468018828.787003
X: 94.9554443359375, Y: 218.3837890625), Z: -930.206298828125, Timestamp: 468018828.796736
X: 101.394653320312, Y: 216.964721679688), Z: -911.62109375, Timestamp: 468018828.806713
X: 100.570678710938, Y: 201.2939453125), Z: -887.14599609375, Timestamp: 468018828.817049
X: 105.560302734375, Y: 195.465087890625), Z: -863.662719726562, Timestamp: 468018828.826868
X: 106.948852539062, Y: 203.292846679688), Z: -851.898193359375, Timestamp: 468018828.83676
X: 106.903076171875, Y: 206.222534179688), Z: -835.235595703125, Timestamp: 468018828.84679
X: 108.551025390625, Y: 191.558837890625), Z: -817.626953125, Timestamp: 468018828.856789
X: 106.87255859375, Y: 164.627075195312), Z: -791.213989257812, Timestamp: 468018828.866824
X: 101.211547851562, Y: 140.121459960938), Z: -775.543212890625, Timestamp: 468018828.876811
X: 91.73583984375, Y: 102.84423828125), Z: -755.477905273438, Timestamp: 468018828.88712
X: 81.8634033203125, Y: 56.7626953125), Z: -729.049682617188, Timestamp: 468018828.896657
X: 70.037841796875, Y: 9.2010498046875), Z: -706.527709960938, Timestamp: 468018828.906842
X: 63.04931640625, Y: -29.022216796875), Z: -684.50927734375, Timestamp: 468018828.916874
X: 64.2852783203125, Y: -51.025390625), Z: -675.72021484375, Timestamp: 468018828.92685
X: 68.3441162109375, Y: -60.2874755859375), Z: -662.033081054688, Timestamp: 468018828.937025
X: 64.8651123046875, Y: -59.8297119140625), Z: -657.608032226562, Timestamp: 468018828.946939
X: 63.9495849609375, Y: -107.772827148438), Z: -680.206298828125, Timestamp: 468018828.958199
X: 95.1080322265625, Y: -192.611694335938), Z: -694.122314453125, Timestamp: 468018828.96937
X: 127.99072265625, Y: -257.38525390625), Z: -689.910888671875, Timestamp: 468018828.977019
X: 152.725219726562, Y: -301.193237304688), Z: -687.606811523438, Timestamp: 468018828.986981
X: 171.340942382812, Y: -328.91845703125), Z: -672.515869140625, Timestamp: 468018828.996899
X: 184.87548828125, Y: -344.940185546875), Z: -659.85107421875, Timestamp: 468018829.008141
X: 190.032958984375, Y: -363.479614257812), Z: -671.157836914062, Timestamp: 468018829.017626
X: 215.118408203125, Y: -394.073486328125), Z: -683.04443359375, Timestamp: 468018829.027397
X: 251.083374023438, Y: -424.072265625), Z: -701.324462890625, Timestamp: 468018829.036997
X: 302.581787109375, Y: -469.589233398438), Z: -759.353637695312, Timestamp: 468018829.046948
X: 365.875244140625, Y: -510.101318359375), Z: -793.914794921875, Timestamp: 468018829.056998
X: 405.197143554688, Y: -532.257080078125), Z: -794.570922851562, Timestamp: 468018829.067513
X: 429.489135742188, Y: -536.92626953125), Z: -809.844970703125, Timestamp: 468018829.077021
X: 459.228515625, Y: -541.534423828125), Z: -838.363647460938, Timestamp: 468018829.087217
X: 494.033813476562, Y: -555.404663085938), Z: -876.708984375, Timestamp: 468018829.097378
X: 540.847778320312, Y: -581.863403320312), Z: -926.864624023438, Timestamp: 468018829.107038
X: 588.897705078125, Y: -629.379272460938), Z: -956.48193359375, Timestamp: 468018829.117891
X: 632.4462890625, Y: -675.460815429688), Z: -951.797485351562, Timestamp: 468018829.127079
X: 668.121337890625, Y: -681.991577148438), Z: -940.170288085938, Timestamp: 468018829.137237
X: 690.841674804688, Y: -679.840087890625), Z: -937.80517578125, Timestamp: 468018829.147075
X: 726.4404296875, Y: -677.55126953125), Z: -974.655151367188, Timestamp: 468018829.157047
X: 764.2822265625, Y: -611.648559570312), Z: -1014.87731933594, Timestamp: 468018829.167842
X: 773.757934570312, Y: -528.366088867188), Z: -1095.13854980469, Timestamp: 468018829.177083
X: 789.0625, Y: -478.286743164062), Z: -1192.59643554688, Timestamp: 468018829.18743
X: 815.399169921875, Y: -442.81005859375), Z: -1257.30895996094, Timestamp: 468018829.197125
X: 798.355102539062, Y: -418.960571289062), Z: -1335.09826660156, Timestamp: 468018829.207106
X: 805.892944335938, Y: -385.1318359375), Z: -1371.826171875, Timestamp: 468018829.217285
X: 824.050903320312, Y: -329.681396484375), Z: -1375.244140625, Timestamp: 468018829.227192
X: 844.345092773438, Y: -203.781127929688), Z: -1369.78149414062, Timestamp: 468018829.237175
X: 862.167358398438, Y: -74.951171875), Z: -1406.90612792969, Timestamp: 468018829.247259
X: 920.95947265625, Y: -149.23095703125), Z: -1537.49084472656, Timestamp: 468018829.257601
X: 1060.24169921875, Y: -172.409057617188), Z: -1624.71008300781, Timestamp: 468018829.267212
X: 1153.4423828125, Y: -105.04150390625), Z: -1647.49145507812, Timestamp: 468018829.27716
X: 1203.61328125, Y: -38.055419921875), Z: -1658.84399414062, Timestamp: 468018829.287229
X: 1228.33251953125, Y: 6.1798095703125), Z: -1665.25268554688, Timestamp: 468018829.297185
X: 1232.89489746094, Y: 84.014892578125), Z: -1700.439453125, Timestamp: 468018829.307895
X: 1238.18969726562, Y: 225.448608398438), Z: -1727.23388671875, Timestamp: 468018829.31736
X: 1213.39416503906, Y: 277.099609375), Z: -1775.57373046875, Timestamp: 468018829.328858
X: 1182.41882324219, Y: 261.65771484375), Z: -1759.81140136719, Timestamp: 468018829.337692
X: 1158.935546875, Y: 235.992431640625), Z: -1710.76965332031, Timestamp: 468018829.352854
X: 1186.37084960938, Y: 255.783081054688), Z: -1647.65930175781, Timestamp: 468018829.357377
X: 1175.38452148438, Y: 305.068969726562), Z: -1602.99682617188, Timestamp: 468018829.367288
X: 1157.92846679688, Y: 402.267456054688), Z: -1578.81164550781, Timestamp: 468018829.377304
X: 1141.28112792969, Y: 471.5576171875), Z: -1533.11157226562, Timestamp: 468018829.387353
X: 1110.62622070312, Y: 513.839721679688), Z: -1526.59606933594, Timestamp: 468018829.398312
X: 1077.52990722656, Y: 508.148193359375), Z: -1485.33630371094, Timestamp: 468018829.407364
X: 1066.63513183594, Y: 506.561279296875), Z: -1424.560546875, Timestamp: 468018829.41731
X: 1039.52026367188, Y: 452.484130859375), Z: -1352.52380371094, Timestamp: 468018829.427429
X: 1017.15087890625, Y: 372.024536132812), Z: -1263.39721679688, Timestamp: 468018829.437341
X: 1007.30895996094, Y: 320.541381835938), Z: -1173.79760742188, Timestamp: 468018829.447915
X: 959.991455078125, Y: 302.474975585938), Z: -1097.24426269531, Timestamp: 468018829.458126
X: 891.494750976562, Y: 322.3876953125), Z: -1039.6728515625, Timestamp: 468018829.467556
X: 806.686401367188, Y: 340.6982421875), Z: -995.269775390625, Timestamp: 468018829.477402
X: 734.2529296875, Y: 315.582275390625), Z: -948.013305664062, Timestamp: 468018829.487381
X: 678.985595703125, Y: 258.804321289062), Z: -890.090942382812, Timestamp: 468018829.497975
X: 635.513305664062, Y: 209.47265625), Z: -820.938110351562, Timestamp: 468018829.507479
X: 589.492797851562, Y: 165.008544921875), Z: -754.21142578125, Timestamp: 468018829.517453
X: 542.816162109375, Y: 134.719848632812), Z: -683.059692382812, Timestamp: 468018829.527413
X: 486.083984375, Y: 120.986938476562), Z: -641.738891601562, Timestamp: 468018829.53781
X: 434.280395507812, Y: 109.268188476562), Z: -625.900268554688, Timestamp: 468018829.547973
X: 388.717651367188, Y: 115.219116210938), Z: -617.889404296875, Timestamp: 468018829.557504
X: 342.6513671875, Y: 121.170043945312), Z: -594.696044921875, Timestamp: 468018829.567497
X: 301.3916015625, Y: 138.885498046875), Z: -578.369140625, Timestamp: 468018829.577462
X: 267.807006835938, Y: 176.742553710938), Z: -570.37353515625, Timestamp: 468018829.587526
X: 235.2294921875, Y: 215.103149414062), Z: -575.592041015625, Timestamp: 468018829.597816
X: 207.839965820312, Y: 232.97119140625), Z: -600.9521484375, Timestamp: 468018829.607953
X: 195.098876953125, Y: 222.091674804688), Z: -603.851318359375, Timestamp: 468018829.617563
X: 193.038940429688, Y: 228.424072265625), Z: -590.118408203125, Timestamp: 468018829.627593
X: 180.892944335938, Y: 251.312255859375), Z: -568.984985351562, Timestamp: 468018829.637643
X: 165.008544921875, Y: 298.126220703125), Z: -542.922973632812, Timestamp: 468018829.64758
X: 151.229858398438, Y: 334.686279296875), Z: -524.703979492188, Timestamp: 468018829.657594
X: 130.111694335938, Y: 364.822387695312), Z: -515.289306640625, Timestamp: 468018829.667594
X: 147.88818359375, Y: 366.928100585938), Z: -515.350341796875, Timestamp: 468018829.678023
X: 156.295776367188, Y: 366.51611328125), Z: -523.696899414062, Timestamp: 468018829.687667
X: 157.318115234375, Y: 364.089965820312), Z: -520.278930664062, Timestamp: 468018829.69787
X: 150.909423828125, Y: 362.060546875), Z: -508.514404296875, Timestamp: 468018829.70771
X: 144.10400390625, Y: 350.753784179688), Z: -504.08935546875, Timestamp: 468018829.717736
X: 139.755249023438, Y: 342.391967773438), Z: -498.199462890625, Timestamp: 468018829.727748
X: 136.276245117188, Y: 343.338012695312), Z: -485.946655273438, Timestamp: 468018829.737779
X: 131.317138671875, Y: 342.803955078125), Z: -470.260620117188, Timestamp: 468018829.747986
X: 136.367797851562, Y: 333.053588867188), Z: -448.73046875, Timestamp: 468018829.757791
X: 149.505615234375, Y: 307.723999023438), Z: -418.441772460938, Timestamp: 468018829.767793
X: 158.8134765625, Y: 271.102905273438), Z: -390.106201171875, Timestamp: 468018829.777866
X: 164.73388671875, Y: 227.60009765625), Z: -353.94287109375, Timestamp: 468018829.787825
X: 182.525634765625, Y: 183.731079101562), Z: -336.9140625, Timestamp: 468018829.797829
X: 197.860717773438, Y: 141.29638671875), Z: -333.099365234375, Timestamp: 468018829.807856
X: 224.212646484375, Y: 84.7930908203125), Z: -327.377319335938, Timestamp: 468018829.817867
X: 258.514404296875, Y: 25.8941650390625), Z: -308.9599609375, Timestamp: 468018829.83076
X: 288.177490234375, Y: -16.876220703125), Z: -306.182861328125, Timestamp: 468018829.839893
X: 319.381713867188, Y: -62.5762939453125), Z: -317.611694335938, Timestamp: 468018829.847932
X: 347.564697265625, Y: -104.400634765625), Z: -328.536987304688, Timestamp: 468018829.857862
X: 349.151611328125, Y: -113.677978515625), Z: -329.52880859375, Timestamp: 468018829.867973
X: 314.8193359375, Y: -94.90966796875), Z: -328.414916992188, Timestamp: 468018829.878455
X: 261.5966796875, Y: -111.51123046875), Z: -340.484619140625, Timestamp: 468018829.887993
X: 226.6845703125, Y: -169.5556640625), Z: -357.574462890625, Timestamp: 468018829.89772
X: 213.80615234375, Y: -210.250854492188), Z: -385.009765625, Timestamp: 468018829.90819
X: 201.202392578125, Y: -229.43115234375), Z: -426.132202148438, Timestamp: 468018829.918171
X: 207.733154296875, Y: -235.2294921875), Z: -481.99462890625, Timestamp: 468018829.928397
X: 233.932495117188, Y: -187.026977539062), Z: -563.339233398438, Timestamp: 468018829.937921
X: 262.3291015625, Y: -74.7222900390625), Z: -599.06005859375, Timestamp: 468018829.947883
X: 280.838012695312, Y: -5.5694580078125), Z: -647.537231445312, Timestamp: 468018829.95871
X: 287.384033203125, Y: -96.466064453125), Z: -747.589111328125, Timestamp: 468018829.967933
X: 345.03173828125, Y: -160.003662109375), Z: -818.893432617188, Timestamp: 468018829.978676
X: 398.422241210938, Y: -155.105590820312), Z: -867.080688476562, Timestamp: 468018829.987969
X: 413.558959960938, Y: -176.956176757812), Z: -965.606689453125, Timestamp: 468018829.997956
X: 430.191040039062, Y: -110.214233398438), Z: -1115.95153808594, Timestamp: 468018830.007971
X: 446.990966796875, Y: 27.435302734375), Z: -1265.73181152344, Timestamp: 468018830.020382
X: 437.713623046875, Y: 154.11376953125), Z: -1436.96594238281, Timestamp: 468018830.038144
X: 412.4755859375, Y: 207.290649414062), Z: -1616.0888671875, Timestamp: 468018830.038491
X: 392.2119140625, Y: 255.081176757812), Z: -1716.85791015625, Timestamp: 468018830.050601
X: 366.592407226562, Y: 290.573120117188), Z: -1742.20275878906, Timestamp: 468018830.058169
X: 328.811645507812, Y: 265.289306640625), Z: -1738.17443847656, Timestamp: 468018830.07385
X: 309.860229492188, Y: 280.792236328125), Z: -1780.70068359375, Timestamp: 468018830.080336
X: 316.986083984375, Y: 396.835327148438), Z: -1887.86315917969, Timestamp: 468018830.088737
X: 313.3544921875, Y: 505.950927734375), Z: -2050.81176757812, Timestamp: 468018830.09819
X: 260.284423828125, Y: 569.610595703125), Z: -2185.74523925781, Timestamp: 468018830.108565
X: 217.391967773438, Y: 563.888549804688), Z: -2303.14636230469, Timestamp: 468018830.118926
X: 204.666137695312, Y: 555.48095703125), Z: -2366.30249023438, Timestamp: 468018830.130462
X: 175.079345703125, Y: 547.882080078125), Z: -2354.93469238281, Timestamp: 468018830.138705
X: 119.033813476562, Y: 559.097290039062), Z: -2291.53442382812, Timestamp: 468018830.148177
X: 55.572509765625, Y: 611.328125), Z: -2194.27490234375, Timestamp: 468018830.170538
X: -4.8828125, Y: 663.116455078125), Z: -2140.12145996094, Timestamp: 468018830.170924
X: -14.373779296875, Y: 627.8076171875), Z: -2124.45068359375, Timestamp: 468018830.182671
X: 11.3525390625, Y: 538.009643554688), Z: -2100.64697265625, Timestamp: 468018830.191657
X: 27.587890625, Y: 457.916259765625), Z: -2058.68530273438, Timestamp: 468018830.210133
X: 9.3231201171875, Y: 408.8134765625), Z: -1997.45178222656, Timestamp: 468018830.210452
X: -19.47021484375, Y: 371.826171875), Z: -1905.30395507812, Timestamp: 468018830.230536
X: -46.5240478515625, Y: 311.859130859375), Z: -1803.89404296875, Timestamp: 468018830.230888
X: -88.0279541015625, Y: 260.086059570312), Z: -1696.06018066406, Timestamp: 468018830.249293
X: -90.51513671875, Y: 212.570190429688), Z: -1587.86010742188, Timestamp: 468018830.255201
X: -94.8028564453125, Y: 151.351928710938), Z: -1498.27575683594, Timestamp: 468018830.259308
X: -127.166748046875, Y: 122.650146484375), Z: -1406.11267089844, Timestamp: 468018830.522853
X: -136.90185546875, Y: 104.934692382812), Z: -1336.0595703125, Timestamp: 468018830.523196
X: -138.656616210938, Y: 81.4056396484375), Z: -1258.20922851562, Timestamp: 468018830.523492
X: -146.8505859375, Y: 58.7921142578125), Z: -1174.45373535156, Timestamp: 468018830.523772
X: -154.266357421875, Y: 11.7340087890625), Z: -1088.76037597656, Timestamp: 468018830.52405
X: -140.869140625, Y: -37.0635986328125), Z: -1042.34313964844, Timestamp: 468018830.524326
X: -144.638061523438, Y: -54.718017578125), Z: -1009.521484375, Timestamp: 468018830.524599
X: -148.5595703125, Y: -59.661865234375), Z: -992.874145507812, Timestamp: 468018830.524869
X: -132.415771484375, Y: -45.3338623046875), Z: -966.461181640625, Timestamp: 468018830.525144
X: -114.1357421875, Y: -3.6163330078125), Z: -906.707763671875, Timestamp: 468018830.525414
X: -96.5118408203125, Y: 49.3316650390625), Z: -818.54248046875, Timestamp: 468018830.525685
X: -90.6219482421875, Y: 50.3387451171875), Z: -754.409790039062, Timestamp: 468018830.525969
X: -60.760498046875, Y: 30.5328369140625), Z: -697.708129882812, Timestamp: 468018830.526245
X: -41.5496826171875, Y: 35.58349609375), Z: -664.962768554688, Timestamp: 468018830.526539
X: -22.9034423828125, Y: 48.9501953125), Z: -667.953491210938, Timestamp: 468018830.526817
X: -2.4261474609375, Y: 74.0814208984375), Z: -663.0859375, Timestamp: 468018830.527089
X: 5.5694580078125, Y: 106.430053710938), Z: -630.752563476562, Timestamp: 468018830.528654
X: 1.3580322265625, Y: 125.946044921875), Z: -592.025756835938, Timestamp: 468018830.52898
X: -5.279541015625, Y: 143.966674804688), Z: -542.022705078125, Timestamp: 468018830.529278
X: -3.387451171875, Y: 148.37646484375), Z: -502.838134765625, Timestamp: 468018830.529559
X: 16.754150390625, Y: 158.340454101562), Z: -487.701416015625, Timestamp: 468018830.529839
X: 45.623779296875, Y: 185.501098632812), Z: -505.905151367188, Timestamp: 468018830.530112
X: 64.0716552734375, Y: 216.49169921875), Z: -522.5830078125, Timestamp: 468018830.530384
X: 74.4476318359375, Y: 261.1083984375), Z: -535.293579101562, Timestamp: 468018830.530657
X: 77.2857666015625, Y: 314.94140625), Z: -536.712646484375, Timestamp: 468018830.530926
X: 90.9576416015625, Y: 372.299194335938), Z: -523.468017578125, Timestamp: 468018830.531199
X: 91.9189453125, Y: 416.32080078125), Z: -493.545532226562, Timestamp: 468018830.531468
X: 91.2322998046875, Y: 431.961059570312), Z: -477.35595703125, Timestamp: 468018830.581204
X: 92.803955078125, Y: 424.652099609375), Z: -494.0185546875, Timestamp: 468018830.581559
X: 104.248046875, Y: 421.340942382812), Z: -540.603637695312, Timestamp: 468018830.581853
X: 121.902465820312, Y: 437.179565429688), Z: -600.40283203125, Timestamp: 468018830.582138
X: 131.607055664062, Y: 457.351684570312), Z: -675.84228515625, Timestamp: 468018830.595553
X: 145.263671875, Y: 476.5625), Z: -719.940185546875, Timestamp: 468018830.599452
X: 150.314331054688, Y: 509.384155273438), Z: -719.924926757812, Timestamp: 468018830.599796
X: 154.022216796875, Y: 532.424926757812), Z: -731.658935546875, Timestamp: 468018830.608816
X: 145.584106445312, Y: 533.309936523438), Z: -716.445922851562, Timestamp: 468018830.619409
X: 157.394409179688, Y: 581.84814453125), Z: -712.020874023438, Timestamp: 468018830.640044
X: 77.1331787109375, Y: 509.719848632812), Z: -729.461669921875, Timestamp: 468018830.640416
X: 51.4678955078125, Y: 549.118041992188), Z: -739.120483398438, Timestamp: 468018830.653227
X: 129.57763671875, Y: 596.298217773438), Z: -780.487060546875, Timestamp: 468018830.658926
X: 116.867065429688, Y: 585.9375), Z: -843.6279296875, Timestamp: 468018830.670288
X: 68.7255859375, Y: 472.015380859375), Z: -840.179443359375, Timestamp: 468018830.678922
X: 79.681396484375, Y: 338.07373046875), Z: -846.25244140625, Timestamp: 468018830.688936
X: 89.8284912109375, Y: 359.207153320312), Z: -867.324829101562, Timestamp: 468018830.699258
X: 91.1407470703125, Y: 372.909545898438), Z: -833.511352539062, Timestamp: 468018830.711074
X: 111.236572265625, Y: 432.785034179688), Z: -871.719360351562, Timestamp: 468018830.719149
X: 93.8873291015625, Y: 483.0322265625), Z: -936.737060546875, Timestamp: 468018830.729035
X: 107.7880859375, Y: 473.846435546875), Z: -862.350463867188, Timestamp: 468018830.738992
X: 85.7391357421875, Y: 370.91064453125), Z: -871.2158203125, Timestamp: 468018830.759804
X: 96.1151123046875, Y: 371.994018554688), Z: -877.609252929688, Timestamp: 468018830.760147
X: 58.135986328125, Y: 451.400756835938), Z: -915.10009765625, Timestamp: 468018830.779118
X: 21.820068359375, Y: 513.214111328125), Z: -935.470581054688, Timestamp: 468018830.779464
X: 35.614013671875, Y: 518.234252929688), Z: -930.130004882812, Timestamp: 468018830.790035
X: 53.28369140625, Y: 485.595703125), Z: -907.699584960938, Timestamp: 468018830.806133
X: 54.168701171875, Y: 450.37841796875), Z: -886.184692382812, Timestamp: 468018830.812424
X: 39.1998291015625, Y: 460.99853515625), Z: -872.894287109375, Timestamp: 468018830.818991
X: 43.3502197265625, Y: 444.900512695312), Z: -872.4365234375, Timestamp: 468018830.829767
X: 45.47119140625, Y: 432.693481445312), Z: -884.70458984375, Timestamp: 468018830.839292
X: 23.1170654296875, Y: 441.787719726562), Z: -885.604858398438, Timestamp: 468018830.849468
X: -4.3792724609375, Y: 425.888061523438), Z: -897.27783203125, Timestamp: 468018830.859526
X: -4.180908203125, Y: 409.744262695312), Z: -897.781372070312, Timestamp: 468018830.869237
X: 28.5491943359375, Y: 355.728149414062), Z: -874.954223632812, Timestamp: 468018830.883096
X: 35.2325439453125, Y: 290.725708007812), Z: -855.941772460938, Timestamp: 468018830.889154
X: 5.4931640625, Y: 252.288818359375), Z: -849.029541015625, Timestamp: 468018830.900003
X: -77.667236328125, Y: 86.181640625), Z: -774.978637695312, Timestamp: 468018830.90987
X: -32.04345703125, Y: 162.918090820312), Z: -833.816528320312, Timestamp: 468018830.919142
X: -4.302978515625, Y: 289.871215820312), Z: -857.772827148438, Timestamp: 468018830.939083
X: -8.9263916015625, Y: 305.999755859375), Z: -894.47021484375, Timestamp: 468018830.939473
X: -0.762939453125, Y: 284.5458984375), Z: -903.335571289062, Timestamp: 468018830.950617
X: 28.564453125, Y: 230.026245117188), Z: -938.278198242188, Timestamp: 468018830.959236
X: 51.177978515625, Y: 198.440551757812), Z: -946.731567382812, Timestamp: 468018830.969203
X: 73.54736328125, Y: 189.834594726562), Z: -962.493896484375, Timestamp: 468018830.97922
X: 114.471435546875, Y: 275.253295898438), Z: -758.773803710938, Timestamp: 468018830.989243
X: 125.717163085938, Y: 297.439575195312), Z: -968.917846679688, Timestamp: 468018831.017493
X: 9.82666015625, Y: 443.679809570312), Z: -1032.48596191406, Timestamp: 468018831.035176
X: -30.487060546875, Y: 253.997802734375), Z: -1042.86193847656, Timestamp: 468018831.035624
X: 39.1845703125, Y: 168.014526367188), Z: -978.073120117188, Timestamp: 468018831.035925
X: 137.863159179688, Y: 188.949584960938), Z: -994.552612304688, Timestamp: 468018831.046738
X: 161.941528320312, Y: 160.308837890625), Z: -1006.92749023438, Timestamp: 468018831.060326
X: 122.543334960938, Y: 146.759033203125), Z: -1038.63525390625, Timestamp: 468018831.060673
X: 78.460693359375, Y: 197.75390625), Z: -1079.55932617188, Timestamp: 468018831.071132
X: 71.96044921875, Y: 248.077392578125), Z: -1095.15380859375, Timestamp: 468018831.081922
X: 45.1202392578125, Y: 261.062622070312), Z: -1109.2529296875, Timestamp: 468018831.089336
X: -69.427490234375, Y: 73.638916015625), Z: -1084.57946777344, Timestamp: 468018831.104314
X: 37.90283203125, Y: 238.937377929688), Z: -1013.24462890625, Timestamp: 468018831.120939
X: 120.651245117188, Y: 354.660034179688), Z: -1057.47985839844, Timestamp: 468018831.121278
X: 55.9539794921875, Y: 306.15234375), Z: -1092.08679199219, Timestamp: 468018831.12942
X: -8.9111328125, Y: 228.775024414062), Z: -1080.6884765625, Timestamp: 468018831.470938
X: -14.404296875, Y: 230.667114257812), Z: -1039.03198242188, Timestamp: 468018831.471283
X: 3.4027099609375, Y: 228.363037109375), Z: -1008.23974609375, Timestamp: 468018831.471576
X: 25.7568359375, Y: 218.276977539062), Z: -995.590209960938, Timestamp: 468018831.471858
X: 15.6097412109375, Y: 198.135375976562), Z: -1001.46484375, Timestamp: 468018831.472135
X: 3.173828125, Y: 205.368041992188), Z: -1009.73510742188, Timestamp: 468018831.472407
X: 19.8211669921875, Y: 218.719482421875), Z: -1007.8125, Timestamp: 468018831.472677
X: 36.6363525390625, Y: 218.8720703125), Z: -1002.97546386719, Timestamp: 468018831.47295
X: 35.6292724609375, Y: 220.8251953125), Z: -1003.95202636719, Timestamp: 468018831.473221
X: 43.5028076171875, Y: 223.831176757812), Z: -1001.03759765625, Timestamp: 468018831.473492
X: 53.466796875, Y: 217.559814453125), Z: -1000.59509277344, Timestamp: 468018831.473759
X: 52.9937744140625, Y: 215.103149414062), Z: -989.822387695312, Timestamp: 468018831.47403
X: 61.2945556640625, Y: 222.503662109375), Z: -967.803955078125, Timestamp: 468018831.474298
X: 67.7337646484375, Y: 221.588134765625), Z: -964.889526367188, Timestamp: 468018831.474567
X: 48.309326171875, Y: 234.130859375), Z: -980.95703125, Timestamp: 468018831.474834
X: 58.8836669921875, Y: 219.558715820312), Z: -992.279052734375, Timestamp: 468018831.475105
X: 51.08642578125, Y: 207.733154296875), Z: -962.387084960938, Timestamp: 468018831.480494
X: 59.4635009765625, Y: 209.274291992188), Z: -946.258544921875, Timestamp: 468018831.480834
X: 82.1380615234375, Y: 216.812133789062), Z: -959.060668945312, Timestamp: 468018831.481117
X: 77.1636962890625, Y: 218.246459960938), Z: -958.55712890625, Timestamp: 468018831.48215
X: 50.018310546875, Y: 214.569091796875), Z: -963.851928710938, Timestamp: 468018831.482477
X: 50.5218505859375, Y: 213.592529296875), Z: -954.055786132812, Timestamp: 468018831.482762
X: 57.525634765625, Y: 205.825805664062), Z: -940.36865234375, Timestamp: 468018831.483038
X: 52.093505859375, Y: 205.780029296875), Z: -958.480834960938, Timestamp: 468018831.483313
X: 39.2913818359375, Y: 201.766967773438), Z: -987.823486328125, Timestamp: 468018831.483585
X: 35.430908203125, Y: 193.90869140625), Z: -976.07421875, Timestamp: 468018831.483853
X: 18.524169921875, Y: 201.583862304688), Z: -974.533081054688, Timestamp: 468018831.484126
X: 8.270263671875, Y: 234.268188476562), Z: -1001.87683105469, Timestamp: 468018831.484399
X: 24.10888671875, Y: 233.428955078125), Z: -999.496459960938, Timestamp: 468018831.484668
X: 35.736083984375, Y: 209.564208984375), Z: -977.035522460938, Timestamp: 468018831.484936
X: 34.8358154296875, Y: 202.20947265625), Z: -974.578857421875, Timestamp: 468018831.485204
X: 38.787841796875, Y: 203.720092773438), Z: -992.721557617188, Timestamp: 468018831.485485
X: 34.5001220703125, Y: 189.987182617188), Z: -1001.05285644531, Timestamp: 468018831.48576
X: 14.6636962890625, Y: 195.1904296875), Z: -1006.36291503906, Timestamp: 468018831.486336
X: 24.4293212890625, Y: 205.062866210938), Z: -999.038696289062, Timestamp: 468018831.486644
X: 19.1192626953125, Y: 193.771362304688), Z: -997.55859375, Timestamp: 468018831.489688
X: 21.5301513671875, Y: 200.149536132812), Z: -1004.91333007812, Timestamp: 468018831.49977
X: 28.4881591796875, Y: 196.304321289062), Z: -1006.89697265625, Timestamp: 468018831.510004
X: 28.3966064453125, Y: 204.116821289062), Z: -1004.92858886719, Timestamp: 468018831.527509
X: 14.434814453125, Y: 214.263916015625), Z: -1000.94604492188, Timestamp: 468018831.529731
X: 19.34814453125, Y: 216.262817382812), Z: -992.630004882812, Timestamp: 468018831.539828
X: 21.4080810546875, Y: 208.938598632812), Z: -974.533081054688, Timestamp: 468018831.549808
X: 27.83203125, Y: 209.487915039062), Z: -976.516723632812, Timestamp: 468018831.559829
X: 37.2467041015625, Y: 207.611083984375), Z: -976.547241210938, Timestamp: 468018831.569817
X: 32.77587890625, Y: 209.04541015625), Z: -977.508544921875, Timestamp: 468018831.581213
X: 32.2418212890625, Y: 212.46337890625), Z: -971.61865234375, Timestamp: 468018831.589886
X: 31.707763671875, Y: 216.36962890625), Z: -974.075317382812, Timestamp: 468018831.601673
X: 26.824951171875, Y: 209.9609375), Z: -969.650268554688, Timestamp: 468018831.609836
X: 15.93017578125, Y: 210.845947265625), Z: -960.800170898438, Timestamp: 468018831.620346
X: 31.219482421875, Y: 214.401245117188), Z: -963.775634765625, Timestamp: 468018832.274854
X: 41.19873046875, Y: 207.1533203125), Z: -958.92333984375, Timestamp: 468018832.275208
X: 46.234130859375, Y: 198.883056640625), Z: -955.032348632812, Timestamp: 468018832.275502
X: 61.1572265625, Y: 184.783935546875), Z: -827.2705078125, Timestamp: 468018832.275786
X: -13.00048828125, Y: 189.529418945312), Z: -915.6494140625, Timestamp: 468018832.276066
X: 16.54052734375, Y: 116.928100585938), Z: -980.010986328125, Timestamp: 468018832.276342
X: 56.9610595703125, Y: 258.193969726562), Z: -1008.39233398438, Timestamp: 468018832.276624
X: 115.997314453125, Y: 155.975341796875), Z: -998.931884765625, Timestamp: 468018832.276904
X: 60.4095458984375, Y: 171.127319335938), Z: -968.841552734375, Timestamp: 468018832.27718
X: -0.1220703125, Y: 190.170288085938), Z: -981.826782226562, Timestamp: 468018832.277457
X: 0.18310546875, Y: 206.802368164062), Z: -996.002197265625, Timestamp: 468018832.27773
X: 15.960693359375, Y: 211.349487304688), Z: -1007.32421875, Timestamp: 468018832.278003
X: 22.0184326171875, Y: 199.661254882812), Z: -1001.48010253906, Timestamp: 468018832.278279
X: 37.6129150390625, Y: 176.315307617188), Z: -980.987548828125, Timestamp: 468018832.32208
X: 52.215576171875, Y: 152.9541015625), Z: -963.92822265625, Timestamp: 468018832.322446
X: 43.8995361328125, Y: 144.561767578125), Z: -958.038330078125, Timestamp: 468018832.322743
X: 34.3780517578125, Y: 156.219482421875), Z: -969.741821289062, Timestamp: 468018832.323578
X: 30.8685302734375, Y: 161.575317382812), Z: -995.681762695312, Timestamp: 468018832.323878
X: 23.49853515625, Y: 156.6162109375), Z: -989.791870117188, Timestamp: 468018832.32416
X: 17.2119140625, Y: 143.341064453125), Z: -960.38818359375, Timestamp: 468018832.324435
X: 18.06640625, Y: 153.62548828125), Z: -948.623657226562, Timestamp: 468018832.324711
X: -0.335693359375, Y: 165.206909179688), Z: -959.320068359375, Timestamp: 468018832.324992
X: -16.2353515625, Y: 172.409057617188), Z: -969.05517578125, Timestamp: 468018832.325267
X: -10.25390625, Y: 167.068481445312), Z: -964.187622070312, Timestamp: 468018832.325539
X: 7.781982421875, Y: 145.706176757812), Z: -960.357666015625, Timestamp: 468018832.325815
X: 30.792236328125, Y: 123.4130859375), Z: -965.362548828125, Timestamp: 468018832.326085
X: 31.7535400390625, Y: 126.358032226562), Z: -962.417602539062, Timestamp: 468018832.326358
X: 16.5252685546875, Y: 117.904663085938), Z: -971.19140625, Timestamp: 468018832.32663
X: 8.5906982421875, Y: 119.308471679688), Z: -975.082397460938, Timestamp: 468018832.326906
X: 26.6265869140625, Y: 99.4110107421875), Z: -972.22900390625, Timestamp: 468018832.32718
X: -43.304443359375, Y: -54.3365478515625), Z: -943.756103515625, Timestamp: 468018832.327455
X: 51.4068603515625, Y: 93.26171875), Z: -943.435668945312, Timestamp: 468018832.327726
X: 31.5704345703125, Y: 143.00537109375), Z: -995.712280273438, Timestamp: 468018832.328458
X: 18.8140869140625, Y: 178.115844726562), Z: -1001.00708007812, Timestamp: 468018832.328772
X: 9.21630859375, Y: 152.587890625), Z: -999.038696289062, Timestamp: 468018832.329062
X: 14.251708984375, Y: 100.28076171875), Z: -985.41259765625, Timestamp: 468018832.329572
X: 24.23095703125, Y: 92.5445556640625), Z: -983.001708984375, Timestamp: 468018832.329873
X: 18.06640625, Y: 113.037109375), Z: -989.822387695312, Timestamp: 468018832.330152
X: 15.9454345703125, Y: -1.922607421875), Z: -996.322631835938, Timestamp: 468018832.330431
X: 52.1697998046875, Y: 115.29541015625), Z: -991.897583007812, Timestamp: 468018832.33071
X: 17.1966552734375, Y: 147.27783203125), Z: -1015.24353027344, Timestamp: 468018832.330985
X: 13.9617919921875, Y: 170.242309570312), Z: -1020.59936523438, Timestamp: 468018832.331267
X: -3.7689208984375, Y: 121.64306640625), Z: -997.0703125, Timestamp: 468018832.331542
X: 14.923095703125, Y: 85.1287841796875), Z: -987.884521484375, Timestamp: 468018832.331816
X: 20.3399658203125, Y: 88.104248046875), Z: -991.3330078125, Timestamp: 468018832.332091
X: 27.2064208984375, Y: 92.5750732421875), Z: -991.348266601562, Timestamp: 468018832.332368
X: 20.5078125, Y: 74.4171142578125), Z: -1001.63269042969, Timestamp: 468018832.332637
X: 19.073486328125, Y: 69.51904296875), Z: -1010.94055175781, Timestamp: 468018832.332917
X: 13.580322265625, Y: 74.3560791015625), Z: -1010.91003417969, Timestamp: 468018832.333774
X: 6.134033203125, Y: 76.7364501953125), Z: -1002.05993652344, Timestamp: 468018832.334188
X: 3.6773681640625, Y: 75.2410888671875), Z: -1008.9111328125, Timestamp: 468018832.334488
X: -2.3345947265625, Y: 83.5113525390625), Z: -1016.7236328125, Timestamp: 468018832.334773
X: -3.84521484375, Y: 86.42578125), Z: -1017.68493652344, Timestamp: 468018832.335055
X: -0.732421875, Y: 73.73046875), Z: -1008.89587402344, Timestamp: 468018832.335333
X: -0.67138671875, Y: 67.3675537109375), Z: -997.161865234375, Timestamp: 468018832.335608
X: -1.129150390625, Y: 64.4378662109375), Z: -997.161865234375, Timestamp: 468018832.335881
X: 0.4730224609375, Y: 52.215576171875), Z: -997.177124023438, Timestamp: 468018832.336157
X: 7.415771484375, Y: 51.300048828125), Z: -1006.01196289062, Timestamp: 468018832.336431
X: 6.3323974609375, Y: 60.1043701171875), Z: -1014.81628417969, Timestamp: 468018832.336707
X: 4.302978515625, Y: 65.4754638671875), Z: -1019.69909667969, Timestamp: 468018832.336981
X: 5.8135986328125, Y: 62.0574951171875), Z: -1015.30456542969, Timestamp: 468018832.337254
X: 11.2457275390625, Y: 63.079833984375), Z: -1014.83154296875, Timestamp: 468018832.440375
X: 9.2620849609375, Y: 63.0645751953125), Z: -1006.01196289062, Timestamp: 468018832.440768
X: 6.77490234375, Y: 63.5223388671875), Z: -1002.09045410156, Timestamp: 468018832.441067
X: -4.7149658203125, Y: 75.653076171875), Z: -1004.97436523438, Timestamp: 468018832.441354
X: -5.7830810546875, Y: 81.512451171875), Z: -1001.52587890625, Timestamp: 468018832.44163
X: 2.838134765625, Y: 62.5152587890625), Z: -1005.99670410156, Timestamp: 468018832.441908
X: 10.2996826171875, Y: 59.1583251953125), Z: -1006.01196289062, Timestamp: 468018832.442557
X: -7.1563720703125, Y: 72.7081298828125), Z: -1016.7236328125, Timestamp: 468018832.442871
X: -5.126953125, Y: 68.8018798828125), Z: -1016.2353515625, Timestamp: 468018832.443157
X: 5.9356689453125, Y: 51.300048828125), Z: -1012.87841796875, Timestamp: 468018832.443437
X: 3.936767578125, Y: 53.2379150390625), Z: -1020.69091796875, Timestamp: 468018832.443713
X: -7.01904296875, Y: 61.95068359375), Z: -1027.99987792969, Timestamp: 468018832.443987
X: -16.937255859375, Y: 64.788818359375), Z: -1026.4892578125, Timestamp: 468018832.444258
X: -10.467529296875, Y: 60.455322265625), Z: -1024.55139160156, Timestamp: 468018832.44453
X: 6.439208984375, Y: 51.300048828125), Z: -1021.19445800781, Timestamp: 468018832.444802
X: 16.387939453125, Y: 46.0052490234375), Z: -1015.85388183594, Timestamp: 468018832.445074
X: 23.345947265625, Y: 42.6483154296875), Z: -1018.32580566406, Timestamp: 468018832.445349
X: 15.5029296875, Y: 37.200927734375), Z: -1012.92419433594, Timestamp: 468018832.44562
X: 4.0283203125, Y: 45.8984375), Z: -1017.76123046875, Timestamp: 468018832.445887
X: -0.946044921875, Y: 49.774169921875), Z: -1017.74597167969, Timestamp: 468018832.446162
X: 2.0294189453125, Y: 47.8363037109375), Z: -1014.81628417969, Timestamp: 468018832.446438
X: 2.50244140625, Y: 47.8363037109375), Z: -1000.6103515625, Timestamp: 468018832.45123
X: 8.3465576171875, Y: 55.7098388671875), Z: -993.2861328125, Timestamp: 468018832.462851
X: 5.401611328125, Y: 53.7261962890625), Z: -998.6572265625, Timestamp: 468018832.472694
X: 0.48828125, Y: 51.239013671875), Z: -1005.99670410156, Timestamp: 468018832.481403
X: -4.913330078125, Y: 49.7283935546875), Z: -1001.57165527344, Timestamp: 468018832.490847
X: -4.33349609375, Y: 42.388916015625), Z: -995.697021484375, Timestamp: 468018832.500821
X: 0.1068115234375, Y: 41.44287109375), Z: -985.916137695312, Timestamp: 468018832.510817
X: -2.9449462890625, Y: 50.23193359375), Z: -989.334106445312, Timestamp: 468018832.52083
X: -7.0648193359375, Y: 64.3768310546875), Z: -985.870361328125, Timestamp: 468018832.530802
X: -4.9896240234375, Y: 55.0994873046875), Z: -978.057861328125, Timestamp: 468018832.541089
X: 10.8795166015625, Y: 48.8739013671875), Z: -968.81103515625, Timestamp: 468018832.555609
X: 4.5623779296875, Y: 40.008544921875), Z: -964.385986328125, Timestamp: 468018832.560878
X: 6.011962890625, Y: 42.48046875), Z: -972.22900390625, Timestamp: 468018832.57415
X: 0.54931640625, Y: 45.3643798828125), Z: -990.814208984375, Timestamp: 468018832.586283
X: -28.0303955078125, Y: 80.8258056640625), Z: -980.880737304688, Timestamp: 468018832.590847
X: -27.64892578125, Y: 90.606689453125), Z: -989.68505859375, Timestamp: 468018832.600884
X: -11.871337890625, Y: 96.1456298828125), Z: -1002.47192382812, Timestamp: 468018832.610936
X: -4.9285888671875, Y: 95.2301025390625), Z: -1020.61462402344, Timestamp: 468018832.620905
X: -0.0152587890625, Y: 96.74072265625), Z: -1013.29040527344, Timestamp: 468018832.632918
X: 4.0740966796875, Y: 83.55712890625), Z: -989.80712890625, Timestamp: 468018832.640925
X: 21.026611328125, Y: 70.98388671875), Z: -977.142333984375, Timestamp: 468018832.666097
X: 16.0980224609375, Y: 69.9615478515625), Z: -986.923217773438, Timestamp: 468018832.66647
X: 4.08935546875, Y: 82.09228515625), Z: -998.138427734375, Timestamp: 468018832.671824
X: -2.3040771484375, Y: 80.56640625), Z: -1005.95092773438, Timestamp: 468018832.681622
X: -5.3863525390625, Y: 90.33203125), Z: -1001.52587890625, Timestamp: 468018832.700915
X: -2.3651123046875, Y: 85.9527587890625), Z: -1005.44738769531, Timestamp: 468018832.70131
X: 1.617431640625, Y: 82.0770263671875), Z: -1000.07629394531, Timestamp: 468018832.909554
X: 0.1220703125, Y: 83.038330078125), Z: -991.744995117188, Timestamp: 468018832.919321
X: 46.600341796875, Y: 165.115356445312), Z: -905.609130859375, Timestamp: 468018832.920529
X: -34.271240234375, Y: 18.61572265625), Z: -934.402465820312, Timestamp: 468018832.920884
X: -8.0413818359375, Y: 149.993896484375), Z: -1009.765625, Timestamp: 468018832.921167
X: -26.4739990234375, Y: 117.523193359375), Z: -990.142822265625, Timestamp: 468018832.921443
X: 7.2479248046875, Y: 65.00244140625), Z: -994.735717773438, Timestamp: 468018832.921716
X: 2.25830078125, Y: 70.343017578125), Z: -1003.52478027344, Timestamp: 468018832.921989
X: 34.5611572265625, Y: 57.43408203125), Z: -1032.56225585938, Timestamp: 468018832.922261
X: 83.4197998046875, Y: 23.62060546875), Z: -1033.26416015625, Timestamp: 468018832.922532
X: 39.2608642578125, Y: 35.9344482421875), Z: -1020.35522460938, Timestamp: 468018832.922801
X: 16.571044921875, Y: 72.9217529296875), Z: -1018.75305175781, Timestamp: 468018832.924167
X: -6.5460205078125, Y: 107.452392578125), Z: -1039.70336914062, Timestamp: 468018832.92449
X: -6.011962890625, Y: 104.034423828125), Z: -1034.31701660156, Timestamp: 468018832.924775
X: 9.0484619140625, Y: 81.1614990234375), Z: -1011.87133789062, Timestamp: 468018832.925053
X: 13.7176513671875, Y: 61.6302490234375), Z: -1000.15258789062, Timestamp: 468018832.925327
X: 28.1829833984375, Y: 51.971435546875), Z: -998.748779296875, Timestamp: 468018832.925597
X: 18.00537109375, Y: 76.84326171875), Z: -1010.92529296875, Timestamp: 468018832.925864
X: 7.4615478515625, Y: 91.4306640625), Z: -1015.27404785156, Timestamp: 468018832.926134
X: 11.993408203125, Y: 82.6568603515625), Z: -1002.5634765625, Timestamp: 468018832.927667